{
  "RSpec": {
    "coverage": {
      "/Users/edytabednarz/Developer/bookmark_manager/spec/bookmark_spec.rb": [
        1,
        null,
        1,
        1,
        1,
        1,
        null,
        null
      ],
      "/Users/edytabednarz/Developer/bookmark_manager/lib/bookmark.rb": [
        1,
        1,
        1,
        null,
        null,
        1,
        1,
        null,
        null,
        null
      ],
      "/Users/edytabednarz/Developer/bookmark_manager/spec/features/index_page_spec.rb": [
        1,
        1,
        1,
        1,
        null,
        null
      ],
      "/Users/edytabednarz/Developer/bookmark_manager/spec/features/viewing_bookmark_spec.rb": [
        1,
        1,
        1,
        1,
        null,
        null
      ]
    },
    "timestamp": 1540221947
  }
}
