{
  "RSpec": {
    "coverage": {
      "/Users/rebeccalelew/Projects/bookmark_managerEdyta/spec/bookmark_spec.rb": [
        1,
        null,
        1,
        1,
        1,
        1,
        1,
        null,
        1,
        null,
        null,
        1,
        1,
        1,
        1,
        null,
        1,
        null,
        null,
        1,
        1,
        1,
        1,
        null,
        null
      ],
      "/Users/rebeccalelew/Projects/bookmark_managerEdyta/spec/features/create_bookmark_spec.rb": [
        1,
        1,
        1,
        1,
        1,
        1,
        null,
        null,
        1,
        1,
        1,
        1,
        1,
        1,
        null,
        null
      ],
      "/Users/rebeccalelew/Projects/bookmark_managerEdyta/spec/features/index_page_spec.rb": [
        1,
        1,
        1,
        1,
        null,
        null
      ],
      "/Users/rebeccalelew/Projects/bookmark_managerEdyta/spec/features/viewing_bookmark_spec.rb": [
        null,
        1,
        1,
        1,
        1,
        1,
        1,
        null,
        null
      ]
    },
    "timestamp": 1540396399
  }
}
